::1 - - [22/Jun/2023:20:35:18 +0000] "GET /govee/bulb/state/bedside_lamp HTTP/1.1" 200 144 "-" "PostmanRuntime/7.32.3"
::1 - - [22/Jun/2023:20:45:42 +0000] "GET /govee/bulb/state/bedside_lamp HTTP/1.1" 200 144 "-" "PostmanRuntime/7.32.3"
::1 - - [22/Jun/2023:20:45:52 +0000] "POST /govee/bulb/state/bedside_lamp HTTP/1.1" 200 26 "-" "PostmanRuntime/7.32.3"
::1 - - [22/Jun/2023:20:45:58 +0000] "GET /govee/bulb/state/bedside_lamp HTTP/1.1" 200 143 "-" "PostmanRuntime/7.32.3"
::1 - - [22/Jun/2023:20:46:09 +0000] "GET /govee/bulb/state/bedside_lamp HTTP/1.1" 200 143 "-" "PostmanRuntime/7.32.3"
::1 - - [22/Jun/2023:20:56:00 +0000] "GET /govee/bulb/state/bedside_lamp HTTP/1.1" 200 144 "-" "PostmanRuntime/7.32.3"
::1 - - [22/Jun/2023:20:56:44 +0000] "POST /govee/bulb/state/bedside_lamp HTTP/1.1" 200 26 "-" "PostmanRuntime/7.32.3"
::1 - - [22/Jun/2023:20:57:19 +0000] "GET /govee/bulb/state/bedside_lamp HTTP/1.1" 200 143 "-" "PostmanRuntime/7.32.3"
::1 - - [22/Jun/2023:20:57:38 +0000] "POST /govee/bulb/state/bedside_lamp HTTP/1.1" 200 26 "-" "PostmanRuntime/7.32.3"
::1 - - [22/Jun/2023:20:57:44 +0000] "GET /govee/bulb/state/bedside_lamp HTTP/1.1" 200 144 "-" "PostmanRuntime/7.32.3"
::1 - - [22/Jun/2023:20:59:50 +0000] "POST /govee/bulb/state/bedside_lamp HTTP/1.1" 200 26 "-" "PostmanRuntime/7.32.3"
::1 - - [22/Jun/2023:20:59:55 +0000] "GET /govee/bulb/state/bedside_lamp HTTP/1.1" 200 145 "-" "PostmanRuntime/7.32.3"
::1 - - [22/Jun/2023:21:00:00 +0000] "GET /govee/bulb/state/bedside_lamp HTTP/1.1" 200 145 "-" "PostmanRuntime/7.32.3"
::1 - - [22/Jun/2023:21:00:15 +0000] "GET /govee/bulb/state/bedside_lamp HTTP/1.1" 200 145 "-" "PostmanRuntime/7.32.3"
::1 - - [22/Jun/2023:21:01:07 +0000] "GET /govee/bulb/state/bedside_lamp HTTP/1.1" 200 144 "-" "PostmanRuntime/7.32.3"
::1 - - [22/Jun/2023:21:01:38 +0000] "GET /govee/bulb/state/bedside_lamp HTTP/1.1" 500 75 "-" "PostmanRuntime/7.32.3"
::1 - - [22/Jun/2023:21:06:19 +0000] "GET /govee/bulb/state/bedside_lamp HTTP/1.1" 200 143 "-" "PostmanRuntime/7.32.3"
::1 - - [22/Jun/2023:21:06:27 +0000] "POST /govee/bulb/state/bedside_lamp HTTP/1.1" 200 26 "-" "PostmanRuntime/7.32.3"
::1 - - [22/Jun/2023:21:06:30 +0000] "GET /govee/bulb/state/bedside_lamp HTTP/1.1" 200 143 "-" "PostmanRuntime/7.32.3"
::1 - - [22/Jun/2023:21:06:35 +0000] "GET /govee/bulb/state/bedside_lamp HTTP/1.1" 200 143 "-" "PostmanRuntime/7.32.3"
::1 - - [22/Jun/2023:21:06:39 +0000] "POST /govee/bulb/state/bedside_lamp HTTP/1.1" 200 26 "-" "PostmanRuntime/7.32.3"
::1 - - [22/Jun/2023:21:06:41 +0000] "GET /govee/bulb/state/bedside_lamp HTTP/1.1" 200 143 "-" "PostmanRuntime/7.32.3"
::1 - - [22/Jun/2023:21:06:42 +0000] "GET /govee/bulb/state/bedside_lamp HTTP/1.1" 500 75 "-" "PostmanRuntime/7.32.3"
::1 - - [22/Jun/2023:21:26:16 +0000] "GET /govee/bulb/state/bedside_lamp HTTP/1.1" 200 143 "-" "PostmanRuntime/7.32.3"
::1 - - [22/Jun/2023:21:26:18 +0000] "GET /govee/bulb/state/bedside_lamp HTTP/1.1" 200 143 "-" "PostmanRuntime/7.32.3"
::1 - - [22/Jun/2023:21:26:19 +0000] "GET /govee/bulb/state/bedside_lamp HTTP/1.1" 200 143 "-" "PostmanRuntime/7.32.3"
::1 - - [22/Jun/2023:21:26:20 +0000] "GET /govee/bulb/state/bedside_lamp HTTP/1.1" 200 143 "-" "PostmanRuntime/7.32.3"
::1 - - [22/Jun/2023:21:26:21 +0000] "GET /govee/bulb/state/bedside_lamp HTTP/1.1" 200 143 "-" "PostmanRuntime/7.32.3"
::1 - - [22/Jun/2023:21:26:22 +0000] "GET /govee/bulb/state/bedside_lamp HTTP/1.1" 200 143 "-" "PostmanRuntime/7.32.3"
::1 - - [22/Jun/2023:21:26:23 +0000] "GET /govee/bulb/state/bedside_lamp HTTP/1.1" 500 75 "-" "PostmanRuntime/7.32.3"
::1 - - [22/Jun/2023:21:26:44 +0000] "GET /govee/bulb/state/bedside_lamp HTTP/1.1" 500 75 "-" "PostmanRuntime/7.32.3"
::1 - - [22/Jun/2023:21:27:33 +0000] "GET /govee/bulb/state/bedside_lamp HTTP/1.1" 200 143 "-" "PostmanRuntime/7.32.3"
::1 - - [22/Jun/2023:21:27:35 +0000] "GET /govee/bulb/state/bedside_lamp HTTP/1.1" 200 143 "-" "PostmanRuntime/7.32.3"
::1 - - [22/Jun/2023:21:27:37 +0000] "GET /govee/bulb/state/bedside_lamp HTTP/1.1" 500 75 "-" "PostmanRuntime/7.32.3"
::1 - - [22/Jun/2023:21:28:56 +0000] "GET /govee/bulb/state/bedside_lamp HTTP/1.1" 200 143 "-" "PostmanRuntime/7.32.3"
::1 - - [22/Jun/2023:21:28:59 +0000] "GET /govee/bulb/state/bedside_lamp HTTP/1.1" 200 143 "-" "PostmanRuntime/7.32.3"
::1 - - [22/Jun/2023:21:29:00 +0000] "GET /govee/bulb/state/bedside_lamp HTTP/1.1" 200 143 "-" "PostmanRuntime/7.32.3"
::1 - - [22/Jun/2023:21:29:02 +0000] "GET /govee/bulb/state/bedside_lamp HTTP/1.1" 200 143 "-" "PostmanRuntime/7.32.3"
::1 - - [22/Jun/2023:21:29:03 +0000] "GET /govee/bulb/state/bedside_lamp HTTP/1.1" 200 143 "-" "PostmanRuntime/7.32.3"
::1 - - [22/Jun/2023:21:29:04 +0000] "GET /govee/bulb/state/bedside_lamp HTTP/1.1" 200 143 "-" "PostmanRuntime/7.32.3"
::1 - - [22/Jun/2023:21:29:05 +0000] "GET /govee/bulb/state/bedside_lamp HTTP/1.1" 500 75 "-" "PostmanRuntime/7.32.3"
::1 - - [22/Jun/2023:21:29:33 +0000] "GET /govee/bulb/state/bedside_lamp HTTP/1.1" 500 75 "-" "PostmanRuntime/7.32.3"
::1 - - [22/Jun/2023:21:29:38 +0000] "GET /govee/bulb/state/bedside_lamp HTTP/1.1" 500 75 "-" "PostmanRuntime/7.32.3"
::1 - - [22/Jun/2023:21:29:48 +0000] "GET /govee/bulb/state/bedside_lamp HTTP/1.1" 500 75 "-" "PostmanRuntime/7.32.3"
::1 - - [22/Jun/2023:21:29:54 +0000] "GET /govee/bulb/state/bedside_lamp HTTP/1.1" 500 75 "-" "PostmanRuntime/7.32.3"
::1 - - [22/Jun/2023:21:31:24 +0000] "GET /govee/bulb/state/bedside_lamp HTTP/1.1" 200 143 "-" "PostmanRuntime/7.32.3"
::1 - - [22/Jun/2023:21:37:54 +0000] "GET /govee/bulb/state/bedside_lamp HTTP/1.1" 200 143 "-" "PostmanRuntime/7.32.3"
::1 - - [22/Jun/2023:21:39:00 +0000] "GET /govee/bulb/state/bedside_lamp HTTP/1.1" 200 143 "-" "PostmanRuntime/7.32.3"
::1 - - [22/Jun/2023:21:39:55 +0000] "GET /govee/bulb/state/bedside_lamp HTTP/1.1" 200 143 "-" "PostmanRuntime/7.32.3"
::1 - - [22/Jun/2023:21:40:06 +0000] "GET /govee/bulb/state/bedside_lamp HTTP/1.1" 200 143 "-" "PostmanRuntime/7.32.3"
::1 - - [22/Jun/2023:21:40:07 +0000] "GET /govee/bulb/state/bedside_lamp HTTP/1.1" 200 143 "-" "PostmanRuntime/7.32.3"
::1 - - [22/Jun/2023:21:40:08 +0000] "GET /govee/bulb/state/bedside_lamp HTTP/1.1" 200 143 "-" "PostmanRuntime/7.32.3"
::1 - - [22/Jun/2023:21:40:09 +0000] "GET /govee/bulb/state/bedside_lamp HTTP/1.1" 200 143 "-" "PostmanRuntime/7.32.3"
::1 - - [22/Jun/2023:21:40:09 +0000] "GET /govee/bulb/state/bedside_lamp HTTP/1.1" 200 143 "-" "PostmanRuntime/7.32.3"
::1 - - [22/Jun/2023:21:40:10 +0000] "GET /govee/bulb/state/bedside_lamp HTTP/1.1" 500 75 "-" "PostmanRuntime/7.32.3"
::1 - - [22/Jun/2023:21:41:53 +0000] "GET /govee/bulb/state/bedside_lamp HTTP/1.1" 200 143 "-" "PostmanRuntime/7.32.3"
::1 - - [22/Jun/2023:21:50:31 +0000] "GET /govee/bulb/state/bedside_lamp HTTP/1.1" 200 143 "-" "PostmanRuntime/7.32.3"
::1 - - [22/Jun/2023:21:50:34 +0000] "POST /govee/bulb/state/bedside_lamp HTTP/1.1" 200 89 "-" "PostmanRuntime/7.32.3"
::1 - - [22/Jun/2023:22:02:35 +0000] "GET /govee/bulb/state/bedside_lamp HTTP/1.1" 200 144 "-" "PostmanRuntime/7.32.3"
::1 - - [22/Jun/2023:22:25:49 +0000] "GET /govee/group/state/bedroom HTTP/1.1" - - "-" "PostmanRuntime/7.32.3"
::1 - - [22/Jun/2023:22:27:10 +0000] "GET /govee/group/state/bedroom HTTP/1.1" 200 29 "-" "PostmanRuntime/7.32.3"
::1 - - [22/Jun/2023:22:27:43 +0000] "GET /govee/group/state/bedroom HTTP/1.1" 200 29 "-" "PostmanRuntime/7.32.3"
::1 - - [22/Jun/2023:22:28:15 +0000] "GET /govee/group/state/bedroom HTTP/1.1" 200 29 "-" "PostmanRuntime/7.32.3"
::1 - - [22/Jun/2023:22:28:28 +0000] "GET /govee/group/state/bedroom HTTP/1.1" 200 29 "-" "PostmanRuntime/7.32.3"
::1 - - [22/Jun/2023:22:29:29 +0000] "GET /govee/group/state/bedroom HTTP/1.1" 200 29 "-" "PostmanRuntime/7.32.3"
::1 - - [22/Jun/2023:22:30:52 +0000] "GET /govee/group/state/bedroom HTTP/1.1" 200 29 "-" "PostmanRuntime/7.32.3"
::1 - - [22/Jun/2023:22:32:52 +0000] "GET /govee/bulb/state/bedside_lamp HTTP/1.1" 200 143 "-" "PostmanRuntime/7.32.3"
::1 - - [22/Jun/2023:22:33:55 +0000] "GET /govee/bulb/state/bedside_lamp HTTP/1.1" 200 143 "-" "PostmanRuntime/7.32.3"
::1 - - [22/Jun/2023:22:34:00 +0000] "GET /govee/group/state/bedroom HTTP/1.1" 200 29 "-" "PostmanRuntime/7.32.3"
::1 - - [22/Jun/2023:22:35:01 +0000] "GET /govee/group/state/bedroom HTTP/1.1" 200 29 "-" "PostmanRuntime/7.32.3"
::1 - - [22/Jun/2023:22:35:42 +0000] "GET /govee/group/state/bedroom HTTP/1.1" 200 29 "-" "PostmanRuntime/7.32.3"
::1 - - [22/Jun/2023:22:37:45 +0000] "GET /govee/group/state/bedroom HTTP/1.1" 200 29 "-" "PostmanRuntime/7.32.3"
::1 - - [22/Jun/2023:22:37:55 +0000] "GET /govee/group/state/bedroom HTTP/1.1" 200 29 "-" "PostmanRuntime/7.32.3"
::1 - - [22/Jun/2023:22:39:29 +0000] "GET /govee/group/state/bedroom HTTP/1.1" 200 29 "-" "PostmanRuntime/7.32.3"
::1 - - [22/Jun/2023:22:39:42 +0000] "GET /govee/group/state/bedroom HTTP/1.1" 200 29 "-" "PostmanRuntime/7.32.3"
::1 - - [22/Jun/2023:22:39:57 +0000] "GET /govee/group/state/bedroom HTTP/1.1" 200 29 "-" "PostmanRuntime/7.32.3"
::1 - - [22/Jun/2023:22:40:06 +0000] "GET /govee/group/state/bedroom HTTP/1.1" 200 29 "-" "PostmanRuntime/7.32.3"
::1 - - [22/Jun/2023:22:41:29 +0000] "GET /govee/group/state/bedroom HTTP/1.1" 200 29 "-" "PostmanRuntime/7.32.3"
::1 - - [22/Jun/2023:22:41:48 +0000] "GET /govee/group/state/bedroom HTTP/1.1" 200 29 "-" "PostmanRuntime/7.32.3"
::1 - - [22/Jun/2023:22:45:10 +0000] "POST /govee/group/bedroom HTTP/1.1" 404 159 "-" "PostmanRuntime/7.32.3"
::1 - - [22/Jun/2023:22:45:25 +0000] "POST /govee/group/bedroom HTTP/1.1" 404 159 "-" "PostmanRuntime/7.32.3"
::1 - - [22/Jun/2023:22:45:40 +0000] "POST /govee/group/bedroom HTTP/1.1" 404 159 "-" "PostmanRuntime/7.32.3"
::1 - - [22/Jun/2023:22:46:05 +0000] "POST /govee/group/state/bedroom HTTP/1.1" 200 28 "-" "PostmanRuntime/7.32.3"
::1 - - [22/Jun/2023:22:48:19 +0000] "POST /govee/group/state/bedroom HTTP/1.1" 500 28 "-" "PostmanRuntime/7.32.3"
::1 - - [22/Jun/2023:22:48:59 +0000] "POST /govee/group/state/bedroom HTTP/1.1" - - "-" "PostmanRuntime/7.32.3"
::1 - - [22/Jun/2023:22:49:37 +0000] "POST /govee/group/state/bedroom HTTP/1.1" - - "-" "PostmanRuntime/7.32.3"
::1 - - [22/Jun/2023:22:50:07 +0000] "POST /govee/group/state/bedroom HTTP/1.1" - - "-" "PostmanRuntime/7.32.3"
::1 - - [22/Jun/2023:22:50:33 +0000] "POST /govee/group/state/bedroom HTTP/1.1" - - "-" "PostmanRuntime/7.32.3"
::1 - - [22/Jun/2023:22:51:20 +0000] "POST /govee/group/state/bedroom HTTP/1.1" 200 28 "-" "PostmanRuntime/7.32.3"
::1 - - [22/Jun/2023:22:51:28 +0000] "POST /govee/group/state/bedroom HTTP/1.1" 200 28 "-" "PostmanRuntime/7.32.3"
::1 - - [22/Jun/2023:22:51:45 +0000] "POST /govee/group/state/bedroom HTTP/1.1" 200 28 "-" "PostmanRuntime/7.32.3"
::1 - - [22/Jun/2023:22:51:58 +0000] "POST /govee/group/state/bedroom HTTP/1.1" 200 28 "-" "PostmanRuntime/7.32.3"
::1 - - [22/Jun/2023:22:52:05 +0000] "POST /govee/group/state/bedroom HTTP/1.1" 200 28 "-" "PostmanRuntime/7.32.3"
::1 - - [22/Jun/2023:22:53:28 +0000] "POST /govee/group/state/bedroom HTTP/1.1" - - "-" "PostmanRuntime/7.32.3"
::1 - - [22/Jun/2023:22:54:04 +0000] "POST /govee/group/state/bedroom HTTP/1.1" - - "-" "PostmanRuntime/7.32.3"
::1 - - [22/Jun/2023:22:54:59 +0000] "POST /govee/group/state/bedroom HTTP/1.1" - - "-" "PostmanRuntime/7.32.3"
::1 - - [22/Jun/2023:22:58:10 +0000] "POST /govee/group/state/bedroom HTTP/1.1" - - "-" "PostmanRuntime/7.32.3"
::1 - - [22/Jun/2023:22:58:38 +0000] "POST /govee/group/state/bedroom HTTP/1.1" 200 28 "-" "PostmanRuntime/7.32.3"
::1 - - [22/Jun/2023:22:58:54 +0000] "POST /govee/group/state/bedroom HTTP/1.1" 200 28 "-" "PostmanRuntime/7.32.3"
::1 - - [22/Jun/2023:22:59:50 +0000] "POST /govee/group/state/bedroom HTTP/1.1" 200 28 "-" "PostmanRuntime/7.32.3"
::1 - - [22/Jun/2023:23:00:09 +0000] "POST /govee/group/state/bedroom HTTP/1.1" 200 28 "-" "PostmanRuntime/7.32.3"
::1 - - [22/Jun/2023:23:00:16 +0000] "POST /govee/group/state/bedroom HTTP/1.1" 200 28 "-" "PostmanRuntime/7.32.3"
::1 - - [22/Jun/2023:23:00:26 +0000] "POST /govee/group/state/bedroom HTTP/1.1" 500 37 "-" "PostmanRuntime/7.32.3"
::1 - - [22/Jun/2023:23:02:56 +0000] "POST /govee/group/state/bedroom HTTP/1.1" 500 37 "-" "PostmanRuntime/7.32.3"
::1 - - [22/Jun/2023:23:06:13 +0000] "POST /govee/group/state/bedroom HTTP/1.1" 500 37 "-" "PostmanRuntime/7.32.3"
::1 - - [22/Jun/2023:23:06:55 +0000] "POST /govee/group/state/bedroom HTTP/1.1" - - "-" "PostmanRuntime/7.32.3"
::1 - - [22/Jun/2023:23:08:58 +0000] "POST /govee/group/state/bedroom HTTP/1.1" 200 28 "-" "PostmanRuntime/7.32.3"
::1 - - [22/Jun/2023:23:09:41 +0000] "POST /govee/group/state/bedroom HTTP/1.1" 200 28 "-" "PostmanRuntime/7.32.3"
::1 - - [22/Jun/2023:23:09:47 +0000] "POST /govee/group/state/bedroom HTTP/1.1" 200 28 "-" "PostmanRuntime/7.32.3"
::1 - - [22/Jun/2023:23:12:07 +0000] "POST /govee/group/state/bedroom HTTP/1.1" 200 28 "-" "PostmanRuntime/7.32.3"
::1 - - [22/Jun/2023:23:13:36 +0000] "GET /govee/group/state/bedroom HTTP/1.1" 200 43 "-" "PostmanRuntime/7.32.3"
::1 - - [22/Jun/2023:23:21:05 +0000] "POST /govee/bulb/state/strips HTTP/1.1" 200 89 "-" "PostmanRuntime/7.32.3"
::1 - - [22/Jun/2023:23:21:19 +0000] "POST /govee/bulb/state/strips HTTP/1.1" 200 26 "-" "PostmanRuntime/7.32.3"
::1 - - [30/Jun/2023:16:20:40 +0000] "GET /roku/state HTTP/1.1" 200 17 "-" "PostmanRuntime/7.32.3"
::1 - - [30/Jun/2023:16:20:54 +0000] "POST /roku/state HTTP/1.1" 500 50 "-" "PostmanRuntime/7.32.3"
::1 - - [30/Jun/2023:16:21:28 +0000] "POST /roku/state HTTP/1.1" 200 64 "-" "PostmanRuntime/7.32.3"
::1 - - [30/Jun/2023:16:22:54 +0000] "POST /roku/state HTTP/1.1" 200 65 "-" "PostmanRuntime/7.32.3"
::1 - - [30/Jun/2023:16:23:12 +0000] "POST /roku/state HTTP/1.1" 200 64 "-" "PostmanRuntime/7.32.3"
::1 - - [30/Jun/2023:16:23:27 +0000] "POST /roku/state HTTP/1.1" 200 65 "-" "PostmanRuntime/7.32.3"
::1 - - [30/Jun/2023:16:37:37 +0000] "GET /roku/sleep HTTP/1.1" 200 36 "-" "PostmanRuntime/7.32.3"
::1 - - [30/Jun/2023:16:42:46 +0000] "GET /roku/state HTTP/1.1" 200 36 "-" "PostmanRuntime/7.32.3"
::1 - - [30/Jun/2023:16:42:55 +0000] "POST /roku/state HTTP/1.1" 200 83 "-" "PostmanRuntime/7.32.3"
::1 - - [30/Jun/2023:16:43:02 +0000] "GET /roku/state HTTP/1.1" 200 35 "-" "PostmanRuntime/7.32.3"
::1 - - [30/Jun/2023:16:43:09 +0000] "GET /roku/sleep HTTP/1.1" 200 35 "-" "PostmanRuntime/7.32.3"
::1 - - [30/Jun/2023:16:44:24 +0000] "POST /roku/sleep HTTP/1.1" - - "-" "PostmanRuntime/7.32.3"
::1 - - [30/Jun/2023:16:44:49 +0000] "POST /roku/sleep HTTP/1.1" 200 29 "-" "PostmanRuntime/7.32.3"
::1 - - [30/Jun/2023:16:45:18 +0000] "POST /roku/sleep HTTP/1.1" 200 29 "-" "PostmanRuntime/7.32.3"
::1 - - [30/Jun/2023:16:45:39 +0000] "POST /roku/sleep HTTP/1.1" 200 29 "-" "PostmanRuntime/7.32.3"
::1 - - [30/Jun/2023:16:45:43 +0000] "POST /roku/sleep HTTP/1.1" 200 29 "-" "PostmanRuntime/7.32.3"
::1 - - [30/Jun/2023:16:45:50 +0000] "POST /roku/sleep HTTP/1.1" 200 29 "-" "PostmanRuntime/7.32.3"
::1 - - [30/Jun/2023:16:45:52 +0000] "POST /roku/sleep HTTP/1.1" 200 29 "-" "PostmanRuntime/7.32.3"
::1 - - [30/Jun/2023:16:46:01 +0000] "POST /roku/sleep HTTP/1.1" 200 29 "-" "PostmanRuntime/7.32.3"
::1 - - [30/Jun/2023:16:46:03 +0000] "POST /roku/sleep HTTP/1.1" 200 29 "-" "PostmanRuntime/7.32.3"
::1 - - [30/Jun/2023:16:46:09 +0000] "POST /roku/sleep HTTP/1.1" 200 29 "-" "PostmanRuntime/7.32.3"
::1 - - [30/Jun/2023:16:46:12 +0000] "POST /roku/sleep HTTP/1.1" 200 29 "-" "PostmanRuntime/7.32.3"
::1 - - [30/Jun/2023:16:46:14 +0000] "POST /roku/sleep HTTP/1.1" 200 29 "-" "PostmanRuntime/7.32.3"
::1 - - [30/Jun/2023:16:46:34 +0000] "POST /roku/sleep HTTP/1.1" 200 29 "-" "PostmanRuntime/7.32.3"
::1 - - [30/Jun/2023:16:47:10 +0000] "POST /roku/sleep HTTP/1.1" 200 29 "-" "PostmanRuntime/7.32.3"
::1 - - [30/Jun/2023:16:47:40 +0000] "POST /roku/sleep HTTP/1.1" 200 29 "-" "PostmanRuntime/7.32.3"
::1 - - [30/Jun/2023:16:49:46 +0000] "POST /roku/sleep HTTP/1.1" 200 29 "-" "PostmanRuntime/7.32.3"
::1 - - [30/Jun/2023:16:52:02 +0000] "POST /roku/sleep HTTP/1.1" 200 29 "-" "PostmanRuntime/7.32.3"
